2009-11-16 14:05:34 Notice: Notice (1024): Please change the value of 'Security.salt' in app/config/core.php to a salt value specific to your application in [CORE/cake/libs/debugger.php, line 557]
2009-11-16 14:48:36 Notice: Notice (8): Undefined variable: _content_for_layout in [APP/views/layouts/default.ctp, line 1]
2009-11-16 16:13:15 Notice: Notice (8): Undefined variable: javascript in [APP/views/layouts/default.ctp, line 6]
2009-11-16 16:13:48 Notice: Notice (8): Undefined variable: javascript in [APP/views/layouts/default.ctp, line 6]
2009-11-17 14:08:58 Notice: Notice (8): Undefined property: UsersController::$Resource in [APP/controllers/users_controller.php, line 31]
2009-11-17 14:08:58 Notice: Notice (8): Trying to get property of non-object in [APP/controllers/users_controller.php, line 31]
2009-11-17 14:16:55 Notice: Notice (8): Undefined variable: resources in [APP/views/users/index.ctp, line 23]
2009-11-17 14:22:37 Notice: Notice (8): Undefined variable: users in [APP/views/users/index.ctp, line 23]
2009-11-17 14:23:58 Notice: Notice (8): Undefined index:  user in [APP/views/users/index.ctp, line 31]
2009-11-17 14:23:58 Notice: Notice (8): Undefined index:  user in [APP/views/users/index.ctp, line 34]
2009-11-17 14:23:58 Notice: Notice (8): Undefined index:  user in [APP/views/users/index.ctp, line 37]
2009-11-17 14:23:58 Notice: Notice (8): Undefined index:  user in [APP/views/users/index.ctp, line 40]
2009-11-17 14:23:58 Notice: Notice (8): Undefined index:  user in [APP/views/users/index.ctp, line 43]
2009-11-17 14:23:58 Notice: Notice (8): Undefined index:  user in [APP/views/users/index.ctp, line 46]
2009-11-17 14:23:58 Notice: Notice (8): Undefined index:  user in [APP/views/users/index.ctp, line 49]
2009-11-17 14:23:58 Notice: Notice (8): Undefined index:  user in [APP/views/users/index.ctp, line 52]
2009-11-17 14:23:58 Notice: Notice (8): Undefined index:  user in [APP/views/users/index.ctp, line 55]
2009-11-17 14:23:58 Notice: Notice (8): Undefined index:  user in [APP/views/users/index.ctp, line 56]
2009-11-17 14:23:58 Notice: Notice (8): Undefined index:  user in [APP/views/users/index.ctp, line 57]
2009-11-17 14:26:33 Notice: Notice (8): Undefined index:  user in [APP/views/users/index.ctp, line 57]
2009-11-17 14:43:05 Notice: Notice (8): Undefined property: Project::$Resource in [APP/controllers/projects_controller.php, line 27]
2009-11-17 15:36:44 Notice: Notice (8): Undefined variable: authuser in [APP/views/layouts/default.ctp, line 22]
2009-11-17 15:36:52 Notice: Notice (8): Undefined variable: authuser in [APP/views/layouts/default.ctp, line 22]
2009-11-17 15:37:03 Notice: Notice (8): Undefined property: Project::$Resource in [APP/controllers/projects_controller.php, line 27]
2009-11-17 15:46:18 Notice: Notice (8): Undefined index:  status in [APP/views/projects/index.ctp, line 32]
2009-11-17 15:46:53 Notice: Notice (8): Undefined index:  status in [APP/views/projects/index.ctp, line 31]
2009-11-17 15:55:42 Notice: Notice (8): Undefined index:  status in [APP/views/projects/view.ctp, line 16]
2009-11-17 16:08:19 Notice: Notice (8): Undefined variable: authuser in [APP/views/layouts/default.ctp, line 22]
2009-11-17 16:09:11 Notice: Notice (8): Undefined variable: authuser in [APP/views/layouts/default.ctp, line 22]
2009-11-17 16:21:47 Notice: Notice (8): Undefined index:  status in [APP/views/projects/view.ctp, line 16]
2009-11-17 16:21:55 Notice: Notice (8): Undefined variable: authuser in [APP/views/layouts/default.ctp, line 22]
2009-11-17 16:22:25 Notice: Notice (8): Undefined variable: resource in [APP/views/users/view.ctp, line 6]
2009-11-17 16:22:25 Notice: Notice (8): Undefined variable: resource in [APP/views/users/view.ctp, line 11]
2009-11-17 16:22:26 Notice: Notice (8): Undefined variable: resource in [APP/views/users/view.ctp, line 16]
2009-11-17 16:22:26 Notice: Notice (8): Undefined variable: resource in [APP/views/users/view.ctp, line 21]
2009-11-17 16:22:26 Notice: Notice (8): Undefined variable: resource in [APP/views/users/view.ctp, line 26]
2009-11-17 16:22:26 Notice: Notice (8): Undefined variable: resource in [APP/views/users/view.ctp, line 31]
2009-11-17 16:22:26 Notice: Notice (8): Undefined variable: resource in [APP/views/users/view.ctp, line 36]
2009-11-17 16:22:26 Notice: Notice (8): Undefined variable: resource in [APP/views/users/view.ctp, line 41]
2009-11-17 16:22:26 Notice: Notice (8): Undefined variable: resource in [APP/views/users/view.ctp, line 48]
2009-11-17 16:22:26 Notice: Notice (8): Undefined variable: resource in [APP/views/users/view.ctp, line 49]
2009-11-17 16:22:38 Notice: Notice (8): Undefined variable: authuser in [APP/views/layouts/default.ctp, line 22]
2009-11-17 16:22:43 Notice: Notice (8): Undefined variable: authuser in [APP/views/layouts/default.ctp, line 22]
2009-11-17 16:23:34 Notice: Notice (8): Undefined variable: authuser in [APP/views/layouts/default.ctp, line 22]
2009-11-17 18:51:27 Notice: Notice (8): Undefined variable: authuser in [APP/views/layouts/default.ctp, line 22]
2009-11-17 19:32:09 Notice: Notice (8): Undefined variable: adminuser in [APP/views/elements/projside.ctp, line 1]
2009-11-17 19:32:09 Notice: Notice (8): Undefined variable: adminuser in [APP/views/layouts/default.ctp, line 47]
2009-11-17 19:39:26 Notice: Notice (8): Undefined index:  status in [APP/views/projects/view.ctp, line 16]
2009-11-17 19:39:27 Notice: Notice (8): Undefined variable: adminuser in [APP/views/elements/projside.ctp, line 1]
2009-11-17 19:39:37 Notice: Notice (8): Undefined index:  status in [APP/views/projects/view.ctp, line 16]
2009-11-17 19:50:27 Notice: Notice (8): Undefined property: ProjectsController::$User in [APP/controllers/projects_controller.php, line 17]
2009-11-17 20:13:03 Notice: Notice (8): Array to string conversion in [CORE/cake/libs/inflector.php, line 420]
2009-11-17 20:13:03 Notice: Notice (8): Array to string conversion in [CORE/cake/libs/router.php, line 954]
2009-11-17 20:13:03 Notice: Notice (8): Array to string conversion in [CORE/cake/libs/router.php, line 1086]
2009-11-17 20:13:55 Notice: Notice (8): Undefined variable: authuser in [APP/views/layouts/default.ctp, line 22]
2009-11-17 20:13:55 Notice: Notice (8): Undefined variable: adminuser in [APP/views/elements/projside.ctp, line 1]
2009-11-17 20:14:34 Notice: Notice (8): Undefined variable: authuser in [APP/views/layouts/default.ctp, line 22]
2009-11-17 20:14:34 Notice: Notice (8): Undefined variable: adminuser in [APP/views/elements/projside.ctp, line 1]
2009-11-17 20:16:21 Notice: Notice (8): Undefined variable: authuser in [APP/views/layouts/default.ctp, line 22]
2009-11-17 20:16:21 Notice: Notice (8): Undefined variable: adminuser in [APP/views/elements/projside.ctp, line 1]
2009-11-17 20:21:47 Notice: Notice (8): Undefined index:  status in [APP/views/projects/master_view.ctp, line 16]
2009-11-17 20:23:04 Notice: Notice (8): Undefined variable: users in [APP/views/projects/master_view.ctp, line 7]
2009-11-18 00:48:18 Notice: Notice (8): Undefined variable: adminuser in [APP/views/elements/projside.ctp, line 1]
2009-11-18 01:15:40 Notice: Notice (8): Undefined index:  status in [APP/views/projects/master_index.ctp, line 32]
2009-11-18 01:26:02 Notice: Notice (8): Undefined property: View::$Session in [APP/views/layouts/default.ctp, line 41]
2009-11-18 01:26:02 Notice: Notice (8): Undefined property: View::$Session in [APP/views/layouts/default.ctp, line 45]
2009-11-18 01:26:23 Notice: Notice (8): Undefined property: View::$Session in [APP/views/layouts/default.ctp, line 41]
2009-11-18 01:45:12 Notice: Notice (8): Undefined property: Task::$Resource in [APP/controllers/tasks_controller.php, line 81]
