2009-11-17 14:16:55 Warning: Warning (2): Invalid argument supplied for foreach() in [APP/views/users/index.ctp, line 23]
2009-11-17 14:22:37 Warning: Warning (2): Invalid argument supplied for foreach() in [APP/views/users/index.ctp, line 23]
2009-11-17 15:45:30 Warning: Warning (2): fopen(/var/www/planner/app/tmp/cache/cake_core_core_paths) [<a href='http://php.net/function.fopen'>function.fopen</a>]: failed to open stream: Permission denied in [CORE/cake/libs/file.php, line 156]
2009-11-17 15:45:31 Warning: Warning (2): fopen(/var/www/planner/app/tmp/cache/cake_model_default_planner_list) [<a href='http://php.net/function.fopen'>function.fopen</a>]: failed to open stream: Permission denied in [CORE/cake/libs/file.php, line 156]
2009-11-17 15:45:31 Warning: Warning (2): fopen(/var/www/planner/app/tmp/cache/cake_model_default_aros) [<a href='http://php.net/function.fopen'>function.fopen</a>]: failed to open stream: Permission denied in [CORE/cake/libs/file.php, line 156]
2009-11-17 15:45:31 Warning: Warning (2): fopen(/var/www/planner/app/tmp/cache/cake_model_default_acos) [<a href='http://php.net/function.fopen'>function.fopen</a>]: failed to open stream: Permission denied in [CORE/cake/libs/file.php, line 156]
2009-11-17 15:45:31 Warning: Warning (2): fopen(/var/www/planner/app/tmp/cache/cake_model_default_aros_acos) [<a href='http://php.net/function.fopen'>function.fopen</a>]: failed to open stream: Permission denied in [CORE/cake/libs/file.php, line 156]
2009-11-17 15:45:31 Warning: Warning (2): fopen(/var/www/planner/app/tmp/cache/cake_model_default_projects) [<a href='http://php.net/function.fopen'>function.fopen</a>]: failed to open stream: Permission denied in [CORE/cake/libs/file.php, line 156]
2009-11-17 15:45:31 Warning: Warning (2): fopen(/var/www/planner/app/tmp/cache/cake_model_default_milestones) [<a href='http://php.net/function.fopen'>function.fopen</a>]: failed to open stream: Permission denied in [CORE/cake/libs/file.php, line 156]
2009-11-17 15:45:31 Warning: Warning (2): fopen(/var/www/planner/app/tmp/cache/cake_model_default_notices) [<a href='http://php.net/function.fopen'>function.fopen</a>]: failed to open stream: Permission denied in [CORE/cake/libs/file.php, line 156]
2009-11-17 15:45:31 Warning: Warning (2): fopen(/var/www/planner/app/tmp/cache/cake_model_default_tasks) [<a href='http://php.net/function.fopen'>function.fopen</a>]: failed to open stream: Permission denied in [CORE/cake/libs/file.php, line 156]
2009-11-17 15:45:31 Warning: Warning (2): fopen(/var/www/planner/app/tmp/cache/cake_model_default_users) [<a href='http://php.net/function.fopen'>function.fopen</a>]: failed to open stream: Permission denied in [CORE/cake/libs/file.php, line 156]
2009-11-17 15:45:31 Warning: Warning (2): fopen(/var/www/planner/app/tmp/cache/cake_model_default_users_projects) [<a href='http://php.net/function.fopen'>function.fopen</a>]: failed to open stream: Permission denied in [CORE/cake/libs/file.php, line 156]
2009-11-17 15:45:31 Warning: Warning (2): Cannot modify header information - headers already sent by (output started at /var/www/planner/cake/libs/file.php:156) in [CORE/cake/libs/controller/controller.php, line 644]
2009-11-17 20:23:04 Warning: Warning (2): Invalid argument supplied for foreach() in [APP/views/projects/master_view.ctp, line 7]
2009-11-18 00:47:39 Warning: Warning (2): fopen(/var/www/planner/app/tmp/cache/cake_core_core_paths) [<a href='http://php.net/function.fopen'>function.fopen</a>]: failed to open stream: Permission denied in [CORE/cake/libs/file.php, line 156]
2009-11-18 00:47:39 Warning: Warning (2): fopen(/var/www/planner/app/tmp/cache/cake_model_default_planner_list) [<a href='http://php.net/function.fopen'>function.fopen</a>]: failed to open stream: Permission denied in [CORE/cake/libs/file.php, line 156]
2009-11-18 00:47:39 Warning: Warning (2): fopen(/var/www/planner/app/tmp/cache/cake_model_default_projects) [<a href='http://php.net/function.fopen'>function.fopen</a>]: failed to open stream: Permission denied in [CORE/cake/libs/file.php, line 156]
2009-11-18 00:47:39 Warning: Warning (2): fopen(/var/www/planner/app/tmp/cache/cake_model_default_milestones) [<a href='http://php.net/function.fopen'>function.fopen</a>]: failed to open stream: Permission denied in [CORE/cake/libs/file.php, line 156]
2009-11-18 00:47:39 Warning: Warning (2): fopen(/var/www/planner/app/tmp/cache/cake_model_default_notices) [<a href='http://php.net/function.fopen'>function.fopen</a>]: failed to open stream: Permission denied in [CORE/cake/libs/file.php, line 156]
2009-11-18 00:47:39 Warning: Warning (2): fopen(/var/www/planner/app/tmp/cache/cake_model_default_tasks) [<a href='http://php.net/function.fopen'>function.fopen</a>]: failed to open stream: Permission denied in [CORE/cake/libs/file.php, line 156]
2009-11-18 00:47:39 Warning: Warning (2): fopen(/var/www/planner/app/tmp/cache/cake_model_default_users) [<a href='http://php.net/function.fopen'>function.fopen</a>]: failed to open stream: Permission denied in [CORE/cake/libs/file.php, line 156]
2009-11-18 00:47:39 Warning: Warning (2): fopen(/var/www/planner/app/tmp/cache/cake_model_default_users_projects) [<a href='http://php.net/function.fopen'>function.fopen</a>]: failed to open stream: Permission denied in [CORE/cake/libs/file.php, line 156]
2009-11-18 00:47:40 Warning: Warning (2): Cannot modify header information - headers already sent by (output started at /var/www/planner/cake/libs/file.php:156) in [CORE/cake/libs/controller/controller.php, line 644]
2009-11-18 00:47:40 Warning: Warning (2): fopen(/var/www/planner/app/tmp/cache/cake_core_dir_map) [<a href='http://php.net/function.fopen'>function.fopen</a>]: failed to open stream: Permission denied in [CORE/cake/libs/file.php, line 156]
2009-11-18 00:47:40 Warning: Warning (2): fopen(/var/www/planner/app/tmp/cache/cake_core_file_map) [<a href='http://php.net/function.fopen'>function.fopen</a>]: failed to open stream: Permission denied in [CORE/cake/libs/file.php, line 156]
2009-11-18 00:47:40 Warning: Warning (2): fopen(/var/www/planner/app/tmp/cache/cake_core_default_en_us) [<a href='http://php.net/function.fopen'>function.fopen</a>]: failed to open stream: Permission denied in [CORE/cake/libs/file.php, line 156]
2009-11-18 00:47:47 Warning: Warning (2): fopen(/var/www/planner/app/tmp/cache/cake_core_core_paths) [<a href='http://php.net/function.fopen'>function.fopen</a>]: failed to open stream: Permission denied in [CORE/cake/libs/file.php, line 156]
2009-11-18 00:47:48 Warning: Warning (2): fopen(/var/www/planner/app/tmp/cache/cake_model_default_planner_list) [<a href='http://php.net/function.fopen'>function.fopen</a>]: failed to open stream: Permission denied in [CORE/cake/libs/file.php, line 156]
2009-11-18 00:47:48 Warning: Warning (2): fopen(/var/www/planner/app/tmp/cache/cake_model_default_projects) [<a href='http://php.net/function.fopen'>function.fopen</a>]: failed to open stream: Permission denied in [CORE/cake/libs/file.php, line 156]
2009-11-18 00:47:48 Warning: Warning (2): fopen(/var/www/planner/app/tmp/cache/cake_model_default_milestones) [<a href='http://php.net/function.fopen'>function.fopen</a>]: failed to open stream: Permission denied in [CORE/cake/libs/file.php, line 156]
2009-11-18 00:47:49 Warning: Warning (2): fopen(/var/www/planner/app/tmp/cache/cake_model_default_notices) [<a href='http://php.net/function.fopen'>function.fopen</a>]: failed to open stream: Permission denied in [CORE/cake/libs/file.php, line 156]
2009-11-18 00:47:49 Warning: Warning (2): fopen(/var/www/planner/app/tmp/cache/cake_model_default_tasks) [<a href='http://php.net/function.fopen'>function.fopen</a>]: failed to open stream: Permission denied in [CORE/cake/libs/file.php, line 156]
2009-11-18 00:47:49 Warning: Warning (2): fopen(/var/www/planner/app/tmp/cache/cake_model_default_users) [<a href='http://php.net/function.fopen'>function.fopen</a>]: failed to open stream: Permission denied in [CORE/cake/libs/file.php, line 156]
2009-11-18 00:47:49 Warning: Warning (2): fopen(/var/www/planner/app/tmp/cache/cake_model_default_users_projects) [<a href='http://php.net/function.fopen'>function.fopen</a>]: failed to open stream: Permission denied in [CORE/cake/libs/file.php, line 156]
2009-11-18 00:47:49 Warning: Warning (2): Cannot modify header information - headers already sent by (output started at /var/www/planner/cake/libs/file.php:156) in [CORE/cake/libs/controller/controller.php, line 644]
2009-11-18 00:47:49 Warning: Warning (2): fopen(/var/www/planner/app/tmp/cache/cake_core_dir_map) [<a href='http://php.net/function.fopen'>function.fopen</a>]: failed to open stream: Permission denied in [CORE/cake/libs/file.php, line 156]
2009-11-18 00:47:49 Warning: Warning (2): fopen(/var/www/planner/app/tmp/cache/cake_core_file_map) [<a href='http://php.net/function.fopen'>function.fopen</a>]: failed to open stream: Permission denied in [CORE/cake/libs/file.php, line 156]
2009-11-18 00:47:49 Warning: Warning (2): fopen(/var/www/planner/app/tmp/cache/cake_core_default_en_us) [<a href='http://php.net/function.fopen'>function.fopen</a>]: failed to open stream: Permission denied in [CORE/cake/libs/file.php, line 156]
2009-11-19 15:22:44 Warning: Warning (2): Cannot modify header information - headers already sent by (output started at /var/www/planner/cake/basics.php:109) in [CORE/cake/libs/controller/controller.php, line 644]
2009-11-19 21:09:06 Warning: Warning (2): strtotime() expects parameter 1 to be string, array given in [APP/models/task.php, line 30]
2009-11-19 21:09:06 Warning: Warning (2): strtotime() expects parameter 1 to be string, array given in [APP/models/task.php, line 31]
2009-11-19 21:12:42 Warning: Warning (2): strtotime() expects parameter 1 to be string, array given in [APP/models/task.php, line 30]
2009-11-19 21:13:28 Warning: Warning (2): strtotime() expects parameter 1 to be string, array given in [APP/models/task.php, line 31]
2009-11-20 18:01:31 Warning: Warning (2): fopen(/var/www/planner/app/tmp/cache/cake_core_core_paths) [<a href='http://php.net/function.fopen'>function.fopen</a>]: failed to open stream: Permission denied in [CORE/cake/libs/file.php, line 156]
2009-11-20 18:01:31 Warning: Warning (2): fopen(/var/www/planner/app/tmp/cache/cake_model_default_planner_list) [<a href='http://php.net/function.fopen'>function.fopen</a>]: failed to open stream: Permission denied in [CORE/cake/libs/file.php, line 156]
2009-11-20 18:01:31 Warning: Warning (2): fopen(/var/www/planner/app/tmp/cache/cake_model_default_tasks) [<a href='http://php.net/function.fopen'>function.fopen</a>]: failed to open stream: Permission denied in [CORE/cake/libs/file.php, line 156]
2009-11-20 18:01:31 Warning: Warning (2): fopen(/var/www/planner/app/tmp/cache/cake_model_default_projects) [<a href='http://php.net/function.fopen'>function.fopen</a>]: failed to open stream: Permission denied in [CORE/cake/libs/file.php, line 156]
2009-11-20 18:01:31 Warning: Warning (2): fopen(/var/www/planner/app/tmp/cache/cake_model_default_milestones) [<a href='http://php.net/function.fopen'>function.fopen</a>]: failed to open stream: Permission denied in [CORE/cake/libs/file.php, line 156]
2009-11-20 18:01:32 Warning: Warning (2): fopen(/var/www/planner/app/tmp/cache/cake_model_default_notices) [<a href='http://php.net/function.fopen'>function.fopen</a>]: failed to open stream: Permission denied in [CORE/cake/libs/file.php, line 156]
2009-11-20 18:01:32 Warning: Warning (2): fopen(/var/www/planner/app/tmp/cache/cake_model_default_users) [<a href='http://php.net/function.fopen'>function.fopen</a>]: failed to open stream: Permission denied in [CORE/cake/libs/file.php, line 156]
2009-11-20 18:01:32 Warning: Warning (2): fopen(/var/www/planner/app/tmp/cache/cake_model_default_users_projects) [<a href='http://php.net/function.fopen'>function.fopen</a>]: failed to open stream: Permission denied in [CORE/cake/libs/file.php, line 156]
2009-11-20 18:01:32 Warning: Warning (2): Cannot modify header information - headers already sent by (output started at /var/www/planner/cake/libs/file.php:156) in [CORE/cake/libs/controller/controller.php, line 644]
2009-11-20 18:22:06 Warning: Warning (512): <span style = "color:Red;text-align:left"><b>SQL Error:</b> 1054: Unknown column 'User.user_id' in 'field list'</span> in [CORE/cake/libs/model/datasources/dbo_source.php, line 525]
2009-11-20 18:29:39 Warning: Warning (512): <span style = "color:Red;text-align:left"><b>SQL Error:</b> 1054: Unknown column 'User.name' in 'field list'</span> in [CORE/cake/libs/model/datasources/dbo_source.php, line 525]
2009-11-20 18:40:38 Warning: Warning (512): <span style = "color:Red;text-align:left"><b>SQL Error:</b> 1054: Unknown column 'User.name' in 'field list'</span> in [CORE/cake/libs/model/datasources/dbo_source.php, line 525]
2009-11-22 14:01:59 Warning: Warning (512): <span style = "color:Red;text-align:left"><b>SQL Error:</b> 1054: Unknown column 'User.id' in 'field list'</span> in [CORE/cake/libs/model/datasources/dbo_source.php, line 525]
2009-11-22 14:02:25 Warning: Warning (512): <span style = "color:Red;text-align:left"><b>SQL Error:</b> 1054: Unknown column 'User.id' in 'field list'</span> in [CORE/cake/libs/model/datasources/dbo_source.php, line 525]
2009-11-22 14:05:52 Warning: Warning (512): <span style = "color:Red;text-align:left"><b>SQL Error:</b> 1054: Unknown column 'UsersProject.project_id' in 'where clause'</span> in [CORE/cake/libs/model/datasources/dbo_source.php, line 525]
2009-11-22 22:54:02 Warning: Warning (512): <span style = "color:Red;text-align:left"><b>SQL Error:</b> 1054: Unknown column 'project_id' in 'where clause'</span> in [CORE/cake/libs/model/datasources/dbo_source.php, line 525]
2009-11-22 22:54:28 Warning: Warning (512): <span style = "color:Red;text-align:left"><b>SQL Error:</b> 1054: Unknown column 'UsersProject.project_id' in 'where clause'</span> in [CORE/cake/libs/model/datasources/dbo_source.php, line 525]
2009-11-22 22:54:42 Warning: Warning (512): <span style = "color:Red;text-align:left"><b>SQL Error:</b> 1054: Unknown column 'User.project_id' in 'where clause'</span> in [CORE/cake/libs/model/datasources/dbo_source.php, line 525]
2009-11-22 23:06:42 Warning: Warning (512): <span style = "color:Red;text-align:left"><b>SQL Error:</b> 1054: Unknown column 'User.Project.project_id' in 'where clause'</span> in [CORE/cake/libs/model/datasources/dbo_source.php, line 525]
2009-11-22 23:07:18 Warning: Warning (512): <span style = "color:Red;text-align:left"><b>SQL Error:</b> 1054: Unknown column 'Project.id' in 'where clause'</span> in [CORE/cake/libs/model/datasources/dbo_source.php, line 525]
2009-11-22 23:07:32 Warning: Warning (512): <span style = "color:Red;text-align:left"><b>SQL Error:</b> 1054: Unknown column 'project.id' in 'where clause'</span> in [CORE/cake/libs/model/datasources/dbo_source.php, line 525]
2009-11-22 23:08:05 Warning: Warning (512): <span style = "color:Red;text-align:left"><b>SQL Error:</b> 1054: Unknown column 'Project.id' in 'where clause'</span> in [CORE/cake/libs/model/datasources/dbo_source.php, line 525]
2009-11-22 23:08:38 Warning: Warning (512): <span style = "color:Red;text-align:left"><b>SQL Error:</b> 1054: Unknown column 'Project.id' in 'where clause'</span> in [CORE/cake/libs/model/datasources/dbo_source.php, line 525]
2009-11-22 23:10:40 Warning: Warning (512): <span style = "color:Red;text-align:left"><b>SQL Error:</b> 1054: Unknown column 'Project.id' in 'where clause'</span> in [CORE/cake/libs/model/datasources/dbo_source.php, line 525]
2009-11-22 23:11:22 Warning: Warning (512): <span style = "color:Red;text-align:left"><b>SQL Error:</b> 1054: Unknown column 'Project.id' in 'where clause'</span> in [CORE/cake/libs/model/datasources/dbo_source.php, line 525]
2009-11-22 23:13:13 Warning: Warning (512): <span style = "color:Red;text-align:left"><b>SQL Error:</b> 1054: Unknown column 'User.id' in 'field list'</span> in [CORE/cake/libs/model/datasources/dbo_source.php, line 525]
2009-11-23 00:07:46 Warning: Warning (2): Invalid argument supplied for foreach() in [APP/controllers/tasks_controller.php, line 91]
2009-11-23 00:08:01 Warning: Warning (2): Invalid argument supplied for foreach() in [APP/controllers/tasks_controller.php, line 91]
2009-11-23 00:10:34 Warning: Warning (2): Invalid argument supplied for foreach() in [APP/controllers/tasks_controller.php, line 95]
2009-11-23 00:50:31 Warning: Warning (2): Invalid argument supplied for foreach() in [APP/controllers/projects_controller.php, line 84]
2009-11-23 14:25:23 Warning: Warning (512): <span style = "color:Red;text-align:left"><b>SQL Error:</b> 1048: Column 'user_id' cannot be null</span> in [CORE/cake/libs/model/datasources/dbo_source.php, line 525]
2009-11-23 14:25:41 Warning: Warning (512): <span style = "color:Red;text-align:left"><b>SQL Error:</b> 1048: Column 'user_id' cannot be null</span> in [CORE/cake/libs/model/datasources/dbo_source.php, line 525]
2009-11-23 14:27:39 Warning: Warning (512): <span style = "color:Red;text-align:left"><b>SQL Error:</b> 1048: Column 'user_id' cannot be null</span> in [CORE/cake/libs/model/datasources/dbo_source.php, line 525]
2009-11-23 14:28:08 Warning: Warning (512): <span style = "color:Red;text-align:left"><b>SQL Error:</b> 1048: Column 'user_id' cannot be null</span> in [CORE/cake/libs/model/datasources/dbo_source.php, line 525]
2009-11-23 14:29:01 Warning: Warning (512): <span style = "color:Red;text-align:left"><b>SQL Error:</b> 1048: Column 'user_id' cannot be null</span> in [CORE/cake/libs/model/datasources/dbo_source.php, line 525]
2009-11-23 14:38:02 Warning: Warning (512): <span style = "color:Red;text-align:left"><b>SQL Error:</b> 1048: Column 'user_id' cannot be null</span> in [CORE/cake/libs/model/datasources/dbo_source.php, line 525]
2009-11-23 14:44:52 Warning: Warning (512): <span style = "color:Red;text-align:left"><b>SQL Error:</b> 1048: Column 'user_id' cannot be null</span> in [CORE/cake/libs/model/datasources/dbo_source.php, line 525]
2009-11-23 15:58:08 Warning: Warning (2): Missing argument 2 for TasksController::master_delete(), called in /var/www/planner/cake/libs/object.php on line 118 and defined in [APP/controllers/tasks_controller.php, line 129]
2009-11-23 15:58:08 Warning: Warning (2): Cannot modify header information - headers already sent by (output started at /var/www/planner/cake/basics.php:109) in [CORE/cake/libs/controller/controller.php, line 644]
2009-11-24 01:47:29 Warning: Warning (2): fopen(/var/www/planner/app/tmp/cache/cake_core_core_paths) [<a href='http://php.net/function.fopen'>function.fopen</a>]: failed to open stream: Permission denied in [CORE/cake/libs/file.php, line 156]
2009-11-24 01:47:30 Warning: Warning (2): fopen(/var/www/planner/app/tmp/cache/cake_model_default_planner_list) [<a href='http://php.net/function.fopen'>function.fopen</a>]: failed to open stream: Permission denied in [CORE/cake/libs/file.php, line 156]
2009-11-24 01:47:30 Warning: Warning (2): fopen(/var/www/planner/app/tmp/cache/cake_model_default_tasks) [<a href='http://php.net/function.fopen'>function.fopen</a>]: failed to open stream: Permission denied in [CORE/cake/libs/file.php, line 156]
2009-11-24 01:47:30 Warning: Warning (2): fopen(/var/www/planner/app/tmp/cache/cake_model_default_projects) [<a href='http://php.net/function.fopen'>function.fopen</a>]: failed to open stream: Permission denied in [CORE/cake/libs/file.php, line 156]
2009-11-24 01:47:30 Warning: Warning (2): fopen(/var/www/planner/app/tmp/cache/cake_model_default_milestones) [<a href='http://php.net/function.fopen'>function.fopen</a>]: failed to open stream: Permission denied in [CORE/cake/libs/file.php, line 156]
2009-11-24 01:47:30 Warning: Warning (2): fopen(/var/www/planner/app/tmp/cache/cake_model_default_notices) [<a href='http://php.net/function.fopen'>function.fopen</a>]: failed to open stream: Permission denied in [CORE/cake/libs/file.php, line 156]
2009-11-24 01:47:30 Warning: Warning (2): fopen(/var/www/planner/app/tmp/cache/cake_model_default_links) [<a href='http://php.net/function.fopen'>function.fopen</a>]: failed to open stream: Permission denied in [CORE/cake/libs/file.php, line 156]
2009-11-24 01:47:30 Warning: Warning (2): fopen(/var/www/planner/app/tmp/cache/cake_model_default_users) [<a href='http://php.net/function.fopen'>function.fopen</a>]: failed to open stream: Permission denied in [CORE/cake/libs/file.php, line 156]
2009-11-24 01:47:30 Warning: Warning (2): fopen(/var/www/planner/app/tmp/cache/cake_model_default_activities) [<a href='http://php.net/function.fopen'>function.fopen</a>]: failed to open stream: Permission denied in [CORE/cake/libs/file.php, line 156]
2009-11-24 01:47:30 Warning: Warning (2): fopen(/var/www/planner/app/tmp/cache/cake_model_default_users_projects) [<a href='http://php.net/function.fopen'>function.fopen</a>]: failed to open stream: Permission denied in [CORE/cake/libs/file.php, line 156]
2009-11-24 01:47:30 Warning: Warning (2): Cannot modify header information - headers already sent by (output started at /var/www/planner/cake/libs/file.php:156) in [CORE/cake/libs/controller/controller.php, line 644]
2009-11-24 01:47:30 Warning: Warning (2): fopen(/var/www/planner/app/tmp/cache/cake_core_dir_map) [<a href='http://php.net/function.fopen'>function.fopen</a>]: failed to open stream: Permission denied in [CORE/cake/libs/file.php, line 156]
2009-11-24 01:47:30 Warning: Warning (2): fopen(/var/www/planner/app/tmp/cache/cake_core_file_map) [<a href='http://php.net/function.fopen'>function.fopen</a>]: failed to open stream: Permission denied in [CORE/cake/libs/file.php, line 156]
2009-11-24 01:47:30 Warning: Warning (2): fopen(/var/www/planner/app/tmp/cache/cake_core_default_en_us) [<a href='http://php.net/function.fopen'>function.fopen</a>]: failed to open stream: Permission denied in [CORE/cake/libs/file.php, line 156]
2009-11-24 12:15:55 Warning: Warning (2): Missing argument 2 for LinksController::master_edit(), called in /var/www/planner/cake/libs/object.php on line 118 and defined in [APP/controllers/links_controller.php, line 83]
2009-11-24 12:15:55 Warning: Warning (2): Cannot modify header information - headers already sent by (output started at /var/www/planner/cake/basics.php:109) in [CORE/cake/libs/controller/controller.php, line 644]
2009-11-24 12:23:39 Warning: Warning (2): Missing argument 2 for LinksController::master_edit(), called in /var/www/planner/cake/libs/object.php on line 118 and defined in [APP/controllers/links_controller.php, line 83]
2009-11-24 12:23:39 Warning: Warning (2): Cannot modify header information - headers already sent by (output started at /var/www/planner/cake/basics.php:109) in [CORE/cake/libs/controller/controller.php, line 644]
2009-11-24 12:36:41 Warning: Warning (2): Missing argument 1 for ActivitiesController::master_add(), called in /var/www/planner/cake/libs/object.php on line 116 and defined in [APP/controllers/activities_controller.php, line 72]
2009-11-24 12:36:41 Warning: Warning (2): Missing argument 2 for ActivitiesController::master_add(), called in /var/www/planner/cake/libs/object.php on line 116 and defined in [APP/controllers/activities_controller.php, line 72]
2009-11-24 12:49:47 Warning: Warning (2): Missing argument 2 for TasksController::master_view(), called in /var/www/planner/cake/libs/object.php on line 118 and defined in [APP/controllers/tasks_controller.php, line 67]
2009-11-24 12:50:10 Warning: Warning (2): Missing argument 2 for ActivitiesController::master_add(), called in /var/www/planner/cake/libs/object.php on line 118 and defined in [APP/controllers/activities_controller.php, line 72]
2009-11-24 13:57:21 Warning: Warning (2): Invalid argument supplied for foreach() in [APP/views/tasks/master_view.ctp, line 37]
2009-11-24 16:01:36 Warning: Warning (2): Invalid argument supplied for foreach() in [APP/controllers/activities_controller.php, line 128]
2009-11-24 16:03:43 Warning: Warning (2): Missing argument 2 for ActivitiesController::master_edit(), called in /var/www/planner/cake/libs/object.php on line 118 and defined in [APP/controllers/activities_controller.php, line 90]
2009-11-24 16:03:43 Warning: Warning (2): Missing argument 3 for ActivitiesController::master_edit(), called in /var/www/planner/cake/libs/object.php on line 118 and defined in [APP/controllers/activities_controller.php, line 90]
2009-11-24 16:03:44 Warning: Warning (2): Invalid argument supplied for foreach() in [APP/controllers/activities_controller.php, line 129]
2009-11-24 16:05:21 Warning: Warning (2): Missing argument 2 for ActivitiesController::master_edit(), called in /var/www/planner/cake/libs/object.php on line 118 and defined in [APP/controllers/activities_controller.php, line 90]
2009-11-24 16:05:21 Warning: Warning (2): Missing argument 3 for ActivitiesController::master_edit(), called in /var/www/planner/cake/libs/object.php on line 118 and defined in [APP/controllers/activities_controller.php, line 90]
2009-11-24 16:05:22 Warning: Warning (2): Invalid argument supplied for foreach() in [APP/controllers/activities_controller.php, line 129]
2009-11-24 16:07:32 Warning: Warning (2): Missing argument 2 for TasksController::master_view(), called in /var/www/planner/cake/libs/object.php on line 118 and defined in [APP/controllers/tasks_controller.php, line 67]
2009-11-24 16:07:58 Warning: Warning (2): Missing argument 2 for TasksController::master_view(), called in /var/www/planner/cake/libs/object.php on line 118 and defined in [APP/controllers/tasks_controller.php, line 67]
2009-11-24 16:08:24 Warning: Warning (2): Missing argument 3 for ActivitiesController::master_edit(), called in /var/www/planner/cake/libs/object.php on line 120 and defined in [APP/controllers/activities_controller.php, line 90]
2009-11-24 16:08:24 Warning: Warning (2): Invalid argument supplied for foreach() in [APP/controllers/activities_controller.php, line 129]
2009-11-24 16:08:24 Warning: Warning (2): Missing argument 3 for ActivitiesController::master_edit(), called in /var/www/planner/cake/libs/object.php on line 120 and defined in [APP/controllers/activities_controller.php, line 90]
2009-11-24 16:08:25 Warning: Warning (2): Invalid argument supplied for foreach() in [APP/controllers/activities_controller.php, line 129]
2009-12-10 13:26:26 Warning: Warning (2): Missing argument 1 for AppController::__checkadmin(), called in /var/www/planner/app/controllers/projects_controller.php on line 61 and defined in [APP/app_controller.php, line 47]
2009-12-11 02:07:55 Warning: Warning (2): Missing argument 1 for StatussesController::master_add(), called in /var/www/planner/cake/libs/object.php on line 116 and defined in [APP/controllers/statusses_controller.php, line 72]
2009-12-11 02:07:55 Warning: Warning (2): Cannot modify header information - headers already sent by (output started at /var/www/planner/cake/basics.php:109) in [CORE/cake/libs/controller/controller.php, line 644]
2009-12-11 18:18:55 Warning: Warning (2): Missing argument 2 for AppController::__checkadmin(), called in /var/www/planner/app/controllers/projects_controller.php on line 67 and defined in [APP/app_controller.php, line 47]
2009-12-12 01:00:27 Warning: Warning (2): Cannot modify header information - headers already sent by (output started at /var/www/planner/app/app_controller.php:61) in [CORE/cake/libs/controller/controller.php, line 644]
2009-12-12 01:17:36 Warning: Warning (2): Invalid argument supplied for foreach() in [APP/controllers/projects_controller.php, line 83]
2009-12-12 01:19:32 Warning: Warning (2): Invalid argument supplied for foreach() in [APP/controllers/projects_controller.php, line 83]
2009-12-12 01:19:37 Warning: Warning (2): Invalid argument supplied for foreach() in [APP/controllers/projects_controller.php, line 83]
2009-12-12 02:10:07 Warning: Warning (2): Cannot modify header information - headers already sent by (output started at /var/www/planner/app/app_controller.php:59) in [CORE/cake/libs/controller/controller.php, line 644]
2009-12-14 01:28:00 Warning: Warning (2): Missing argument 1 for MilestonesController::master_add(), called in /var/www/planner/cake/libs/object.php on line 116 and defined in [APP/controllers/milestones_controller.php, line 72]
2009-12-14 01:28:20 Warning: Warning (2): Missing argument 1 for MilestonesController::master_add(), called in /var/www/planner/cake/libs/object.php on line 116 and defined in [APP/controllers/milestones_controller.php, line 72]
2009-12-14 01:29:30 Warning: Warning (2): Missing argument 1 for MilestonesController::master_add(), called in /var/www/planner/cake/libs/object.php on line 116 and defined in [APP/controllers/milestones_controller.php, line 72]
2009-12-14 01:29:35 Warning: Warning (2): Missing argument 1 for MilestonesController::master_add(), called in /var/www/planner/cake/libs/object.php on line 116 and defined in [APP/controllers/milestones_controller.php, line 72]
2009-12-14 02:31:09 Warning: Warning (2): Cannot modify header information - headers already sent by (output started at /var/www/planner/cake/basics.php:109) in [CORE/cake/libs/controller/controller.php, line 644]
2009-12-14 02:31:40 Warning: Warning (2): Cannot modify header information - headers already sent by (output started at /var/www/planner/cake/basics.php:109) in [CORE/cake/libs/controller/controller.php, line 644]
2009-12-14 02:37:49 Warning: Warning (2): Cannot modify header information - headers already sent by (output started at /var/www/planner/cake/basics.php:109) in [CORE/cake/libs/controller/controller.php, line 644]
2009-12-14 02:38:21 Warning: Warning (2): Cannot modify header information - headers already sent by (output started at /var/www/planner/cake/basics.php:109) in [CORE/cake/libs/controller/controller.php, line 644]
2009-12-14 02:38:47 Warning: Warning (2): Cannot modify header information - headers already sent by (output started at /var/www/planner/app/controllers/users_projects_controller.php:79) in [CORE/cake/libs/controller/controller.php, line 644]
2009-12-14 14:14:56 Warning: Warning (2): Invalid argument supplied for foreach() in [APP/views/elements/timeline.ctp, line 2]
2009-12-14 14:15:33 Warning: Warning (2): Invalid argument supplied for foreach() in [APP/views/elements/timeline.ctp, line 2]
2009-12-15 00:22:47 Warning: Warning (2): Invalid argument supplied for foreach() in [APP/views/elements/timeline.ctp, line 2]
2009-12-15 00:33:02 Warning: Warning (2): Invalid argument supplied for foreach() in [APP/views/elements/timeline.ctp, line 2]
2009-12-15 00:49:55 Warning: Warning (2): Invalid argument supplied for foreach() in [APP/views/elements/timeline.ctp, line 2]
2009-12-15 00:50:00 Warning: Warning (2): Invalid argument supplied for foreach() in [APP/views/elements/timeline.ctp, line 2]
2009-12-15 02:18:51 Warning: Warning (2): Invalid argument supplied for foreach() in [APP/views/elements/timeline.ctp, line 2]
2009-12-15 02:47:05 Warning: Warning (2): Cannot modify header information - headers already sent by (output started at /var/www/planner/cake/basics.php:109) in [CORE/cake/libs/controller/controller.php, line 644]
2009-12-15 02:48:24 Warning: Warning (2): Cannot modify header information - headers already sent by (output started at /var/www/planner/app/controllers/tasks_controller.php:211) in [CORE/cake/libs/controller/controller.php, line 644]
2009-12-15 02:48:58 Warning: Warning (2): Cannot modify header information - headers already sent by (output started at /var/www/planner/cake/basics.php:109) in [CORE/cake/libs/controller/controller.php, line 644]
2009-12-15 12:18:32 Warning: Warning (2): Invalid argument supplied for foreach() in [APP/views/elements/timeline.ctp, line 2]
2009-12-15 16:28:48 Warning: Warning (2): Invalid argument supplied for foreach() in [APP/controllers/projects_controller.php, line 92]
2009-12-15 16:28:48 Warning: Warning (2): Invalid argument supplied for foreach() in [APP/views/projects/master_view.ctp, line 25]
2009-12-15 16:52:48 Warning: Warning (2): print_r() expects at least 1 parameter, 0 given in [APP/views/milestones/master_complete.ctp, line 16]
2009-12-19 16:05:17 Warning: Warning (2): Invalid argument supplied for foreach() in [APP/views/elements/timeline.ctp, line 2]
2009-12-22 14:38:34 Warning: Warning (2): Cannot modify header information - headers already sent by (output started at /var/www/planner/app/controllers/users_controller.php:96) in [CORE/cake/libs/controller/controller.php, line 644]
2009-12-22 14:41:08 Warning: Warning (2): Invalid argument supplied for foreach() in [APP/views/users/master_index.ctp, line 23]
2009-12-22 14:42:00 Warning: Warning (2): Invalid argument supplied for foreach() in [APP/views/users/master_index.ctp, line 23]
2009-12-22 14:42:02 Warning: Warning (2): Invalid argument supplied for foreach() in [APP/views/users/master_index.ctp, line 23]
2009-12-22 14:42:43 Warning: Warning (2): Invalid argument supplied for foreach() in [APP/views/users/master_index.ctp, line 23]
2009-12-22 14:44:33 Warning: Warning (2): Invalid argument supplied for foreach() in [APP/views/users/master_index.ctp, line 23]
2010-01-09 00:57:29 Warning: Warning (512): <span style = "color:Red;text-align:left"><b>SQL Error:</b> 1054: Unknown column 'Project.status' in 'where clause'</span> in [CORE/cake/libs/model/datasources/dbo_source.php, line 525]
2010-01-09 00:57:29 Warning: Warning (2): Invalid argument supplied for foreach() in [APP/views/projects/master_index.ctp, line 14]
2010-01-12 00:44:02 Warning: Warning (512): <span style = "color:Red;text-align:left"><b>SQL Error:</b> 1054: Unknown column 'asc' in 'order clause'</span> in [CORE/cake/libs/model/datasources/dbo_source.php, line 525]
2010-01-13 00:32:31 Warning: Warning (2): Missing argument 2 for TasksController::master_view(), called in /var/www/planner/cake/libs/object.php on line 118 and defined in [APP/controllers/tasks_controller.php, line 67]
2010-01-13 00:59:15 Warning: Warning (2): Invalid argument supplied for foreach() in [APP/views/helpers/tsk.php, line 16]
2010-01-13 00:59:30 Warning: Warning (2): Invalid argument supplied for foreach() in [APP/views/helpers/tsk.php, line 16]
2010-01-13 01:07:34 Warning: Warning (2): Missing argument 1 for TskHelper::done(), called in /var/www/planner/app/views/tasks/master_viewuser.ctp on line 34 and defined in [APP/views/helpers/tsk.php, line 41]
2010-01-13 01:08:31 Warning: Warning (2): Invalid argument supplied for foreach() in [APP/views/helpers/tsk.php, line 21]
2010-01-13 01:17:39 Warning: Warning (512): <span style = "color:Red;text-align:left"><b>SQL Error:</b> 1048: Column 'milestone_id' cannot be null</span> in [CORE/cake/libs/model/datasources/dbo_source.php, line 525]
2010-01-13 01:17:39 Warning: Warning (2): Invalid argument supplied for foreach() in [APP/controllers/tasks_controller.php, line 144]
2010-01-13 01:18:44 Warning: Warning (2): Invalid argument supplied for foreach() in [APP/controllers/tasks_controller.php, line 144]
2010-01-13 23:43:45 Warning: Warning (512): <span style = "color:Red;text-align:left"><b>SQL Error:</b> 1062: Duplicate entry '1013-1009-1' for key 'PRIMARY'</span> in [CORE/cake/libs/model/datasources/dbo_source.php, line 525]
2010-01-13 23:43:45 Warning: Warning (2): Invalid argument supplied for foreach() in [APP/controllers/tasks_controller.php, line 242]
2010-01-13 23:45:13 Warning: Warning (512): <span style = "color:Red;text-align:left"><b>SQL Error:</b> 1062: Duplicate entry '1013-1009-1' for key 'PRIMARY'</span> in [CORE/cake/libs/model/datasources/dbo_source.php, line 525]
2010-01-13 23:45:13 Warning: Warning (2): Invalid argument supplied for foreach() in [APP/controllers/tasks_controller.php, line 238]
2010-01-13 23:45:28 Warning: Warning (512): <span style = "color:Red;text-align:left"><b>SQL Error:</b> 1062: Duplicate entry '1013-1009-1' for key 'PRIMARY'</span> in [CORE/cake/libs/model/datasources/dbo_source.php, line 525]
2010-01-13 23:45:28 Warning: Warning (2): Invalid argument supplied for foreach() in [APP/controllers/tasks_controller.php, line 238]
2010-01-13 23:46:56 Warning: Warning (512): <span style = "color:Red;text-align:left"><b>SQL Error:</b> 1062: Duplicate entry '1013-1009-1' for key 'PRIMARY'</span> in [CORE/cake/libs/model/datasources/dbo_source.php, line 525]
2010-01-13 23:46:56 Warning: Warning (2): Invalid argument supplied for foreach() in [APP/controllers/tasks_controller.php, line 236]
2010-01-13 23:47:57 Warning: Warning (512): <span style = "color:Red;text-align:left"><b>SQL Error:</b> 1062: Duplicate entry '1013-1009-1' for key 'PRIMARY'</span> in [CORE/cake/libs/model/datasources/dbo_source.php, line 525]
2010-01-13 23:47:58 Warning: Warning (2): Invalid argument supplied for foreach() in [APP/controllers/tasks_controller.php, line 231]
2010-01-13 23:48:41 Warning: Warning (512): <span style = "color:Red;text-align:left"><b>SQL Error:</b> 1062: Duplicate entry '1013-1009-1' for key 'PRIMARY'</span> in [CORE/cake/libs/model/datasources/dbo_source.php, line 525]
2010-01-13 23:48:41 Warning: Warning (2): Invalid argument supplied for foreach() in [APP/controllers/tasks_controller.php, line 231]
2010-01-13 23:55:15 Warning: Warning (512): <span style = "color:Red;text-align:left"><b>SQL Error:</b> 1062: Duplicate entry '1013-1009-1' for key 'PRIMARY'</span> in [CORE/cake/libs/model/datasources/dbo_source.php, line 525]
2010-01-13 23:55:15 Warning: Warning (2): Invalid argument supplied for foreach() in [APP/controllers/tasks_controller.php, line 231]
2010-01-13 23:55:47 Warning: Warning (512): <span style = "color:Red;text-align:left"><b>SQL Error:</b> 1062: Duplicate entry '1013-1009-1' for key 'PRIMARY'</span> in [CORE/cake/libs/model/datasources/dbo_source.php, line 525]
2010-01-13 23:55:47 Warning: Warning (2): Invalid argument supplied for foreach() in [APP/controllers/tasks_controller.php, line 228]
2010-01-13 23:57:12 Warning: Warning (512): <span style = "color:Red;text-align:left"><b>SQL Error:</b> 1062: Duplicate entry '1013-1009-1' for key 'PRIMARY'</span> in [CORE/cake/libs/model/datasources/dbo_source.php, line 525]
2010-01-13 23:57:12 Warning: Warning (2): Invalid argument supplied for foreach() in [APP/controllers/tasks_controller.php, line 227]
2010-01-14 00:28:14 Warning: Warning (512): <span style = "color:Red;text-align:left"><b>SQL Error:</b> 1054: Unknown column 'Milestone.enddate' in 'order clause'</span> in [CORE/cake/libs/model/datasources/dbo_source.php, line 525]
2010-01-14 00:28:14 Warning: Warning (2): Invalid argument supplied for foreach() in [APP/views/projects/master_index.ctp, line 14]
2010-01-14 00:28:15 Warning: Warning (512): <span style = "color:Red;text-align:left"><b>SQL Error:</b> 1054: Unknown column 'Milestone.enddate' in 'order clause'</span> in [CORE/cake/libs/model/datasources/dbo_source.php, line 525]
2010-01-14 00:28:15 Warning: Warning (2): Invalid argument supplied for foreach() in [APP/views/projects/master_index.ctp, line 14]
2010-01-14 11:26:34 Warning: Warning (2): Missing argument 1 for HolidaysController::master_add(), called in /var/www/planner/cake/libs/object.php on line 116 and defined in [APP/controllers/holidays_controller.php, line 70]
2010-01-14 11:26:34 Warning: Warning (512): <span style = "color:Red;text-align:left"><b>SQL Error:</b> 1048: Column 'user_id' cannot be null</span> in [CORE/cake/libs/model/datasources/dbo_source.php, line 525]
2010-01-14 11:27:35 Warning: Warning (2): Missing argument 1 for HolidaysController::master_add(), called in /var/www/planner/cake/libs/object.php on line 116 and defined in [APP/controllers/holidays_controller.php, line 70]
2010-01-14 11:27:35 Warning: Warning (512): <span style = "color:Red;text-align:left"><b>SQL Error:</b> 1048: Column 'user_id' cannot be null</span> in [CORE/cake/libs/model/datasources/dbo_source.php, line 525]
2010-01-18 19:54:58 Warning: Warning (2): Invalid argument supplied for foreach() in [APP/views/projects/index.ctp, line 33]
2010-01-18 19:59:50 Warning: Warning (2): Invalid argument supplied for foreach() in [APP/views/projects/index.ctp, line 34]
2010-01-18 21:31:38 Warning: Warning (2): Invalid argument supplied for foreach() in [APP/views/projects/master_index.ctp, line 163]
2010-01-19 01:06:59 Warning: Warning (2): Cannot modify header information - headers already sent by (output started at /var/www/planner/app/controllers/users_controller.php:139) in [CORE/cake/libs/controller/controller.php, line 644]
2010-01-19 01:08:06 Warning: Warning (2): Cannot modify header information - headers already sent by (output started at /var/www/planner/app/controllers/users_controller.php:139) in [CORE/cake/libs/controller/controller.php, line 644]
2010-01-19 01:08:11 Warning: Warning (2): Cannot modify header information - headers already sent by (output started at /var/www/planner/app/controllers/users_controller.php:139) in [CORE/cake/libs/controller/controller.php, line 644]
2010-01-22 00:07:39 Warning: Warning (2): Missing argument 2 for TasksController::master_view(), called in /var/www/planner/cake/libs/object.php on line 118 and defined in [APP/controllers/tasks_controller.php, line 67]
2010-01-22 00:07:40 Warning: Warning (2): Missing argument 2 for TasksController::master_view(), called in /var/www/planner/cake/libs/object.php on line 118 and defined in [APP/controllers/tasks_controller.php, line 67]
2010-01-22 01:37:37 Warning: Warning (2): Missing argument 2 for TasksController::master_view(), called in /var/www/planner/cake/libs/object.php on line 118 and defined in [APP/controllers/tasks_controller.php, line 67]
2010-01-22 02:09:30 Warning: Warning (2): Invalid argument supplied for foreach() in [APP/controllers/activities_controller.php, line 125]
2010-01-22 02:09:31 Warning: Warning (2): Invalid argument supplied for foreach() in [APP/controllers/activities_controller.php, line 125]
2010-01-22 02:19:09 Warning: Warning (2): Invalid argument supplied for foreach() in [APP/controllers/activities_controller.php, line 126]
2010-01-22 02:21:33 Warning: Warning (2): Invalid argument supplied for foreach() in [APP/views/activities/master_add.ctp, line 12]
2010-01-22 02:22:30 Warning: Warning (512): <span style = "color:Red;text-align:left"><b>SQL Error:</b> 1048: Column 'project_id' cannot be null</span> in [CORE/cake/libs/model/datasources/dbo_source.php, line 525]
2010-01-22 02:33:50 Warning: Warning (2): Invalid argument supplied for foreach() in [APP/controllers/activities_controller.php, line 130]
2010-01-22 02:33:51 Warning: Warning (2): Invalid argument supplied for foreach() in [APP/controllers/activities_controller.php, line 130]
2010-01-22 02:35:13 Warning: Warning (2): Invalid argument supplied for foreach() in [APP/controllers/activities_controller.php, line 130]
2010-01-22 02:35:14 Warning: Warning (2): Invalid argument supplied for foreach() in [APP/controllers/activities_controller.php, line 130]
2010-01-22 02:36:21 Warning: Warning (2): Invalid argument supplied for foreach() in [APP/views/activities/master_add.ctp, line 13]
2010-01-22 02:37:01 Warning: Warning (2): Invalid argument supplied for foreach() in [APP/views/activities/master_add.ctp, line 90]
2010-01-22 02:37:27 Warning: Warning (512): <span style = "color:Red;text-align:left"><b>SQL Error:</b> 1048: Column 'user_id' cannot be null</span> in [CORE/cake/libs/model/datasources/dbo_source.php, line 525]
2010-01-22 02:38:30 Warning: Warning (2): Invalid argument supplied for foreach() in [APP/controllers/activities_controller.php, line 130]
2010-01-22 02:38:31 Warning: Warning (2): Invalid argument supplied for foreach() in [APP/controllers/activities_controller.php, line 130]
2010-01-22 02:41:44 Warning: Warning (2): Invalid argument supplied for foreach() in [APP/views/activities/master_edit.ctp, line 14]
2010-01-22 02:42:57 Warning: Warning (512): <span style = "color:Red;text-align:left"><b>SQL Error:</b> 1054: Unknown column 'Bug.redalto' in 'where clause'</span> in [CORE/cake/libs/model/datasources/dbo_source.php, line 525]
2010-01-22 03:51:05 Warning: Warning (2): Cannot modify header information - headers already sent by (output started at /var/www/planner/cake/basics.php:109) in [CORE/cake/libs/controller/controller.php, line 644]
2010-01-22 03:53:48 Warning: Warning (2): Invalid argument supplied for foreach() in [APP/controllers/projects_controller.php, line 227]
2010-01-22 03:53:48 Warning: Warning (2): Invalid argument supplied for foreach() in [APP/controllers/projects_controller.php, line 361]
2010-01-22 03:53:49 Warning: Warning (2): Invalid argument supplied for foreach() in [APP/controllers/projects_controller.php, line 227]
2010-01-22 03:53:49 Warning: Warning (2): Invalid argument supplied for foreach() in [APP/controllers/projects_controller.php, line 361]
2010-01-29 18:30:01 Warning: Warning (2): Invalid argument supplied for foreach() in [APP/controllers/tasks_controller.php, line 340]
2010-01-29 18:30:37 Warning: Warning (2): Invalid argument supplied for foreach() in [APP/controllers/tasks_controller.php, line 340]
2010-01-29 18:33:22 Warning: Warning (2): Invalid argument supplied for foreach() in [APP/controllers/tasks_controller.php, line 340]
2010-01-29 18:35:02 Warning: Warning (2): Invalid argument supplied for foreach() in [APP/controllers/tasks_controller.php, line 344]
2010-01-29 18:37:40 Warning: Warning (2): Cannot modify header information - headers already sent by (output started at /var/www/planner/cake/basics.php:109) in [CORE/cake/libs/controller/controller.php, line 644]
2010-01-29 18:38:29 Warning: Warning (2): Cannot modify header information - headers already sent by (output started at /var/www/planner/cake/basics.php:109) in [CORE/cake/libs/controller/controller.php, line 644]
2010-02-08 16:44:25 Warning: Warning (512): <span style = "color:Red;text-align:left"><b>SQL Error:</b> 1048: Column 'user_id' cannot be null</span> in [CORE/cake/libs/model/datasources/dbo_source.php, line 525]
2010-02-08 16:51:23 Warning: Warning (512): <span style = "color:Red;text-align:left"><b>SQL Error:</b> 1048: Column 'recduration' cannot be null</span> in [CORE/cake/libs/model/datasources/dbo_source.php, line 525]
2010-02-08 16:51:23 Warning: Warning (2): Invalid argument supplied for foreach() in [APP/controllers/tasks_controller.php, line 224]
2010-02-08 16:53:36 Warning: Warning (2): Cannot modify header information - headers already sent by (output started at /var/www/planner/cake/basics.php:109) in [CORE/cake/libs/controller/controller.php, line 644]
2010-02-08 18:41:01 Warning: Warning (512): <span style = "color:Red;text-align:left"><b>SQL Error:</b> 1062: Duplicate entry '1008-1008-0' for key 'PRIMARY'</span> in [CORE/cake/libs/model/datasources/dbo_source.php, line 525]
2010-02-08 19:21:48 Warning: Warning (512): <span style = "color:Red;text-align:left"><b>SQL Error:</b> 1062: Duplicate entry '1008-1008-0' for key 'PRIMARY'</span> in [CORE/cake/libs/model/datasources/dbo_source.php, line 525]
2010-02-08 19:25:40 Warning: Warning (512): <span style = "color:Red;text-align:left"><b>SQL Error:</b> 1062: Duplicate entry '1008-1008-0' for key 'PRIMARY'</span> in [CORE/cake/libs/model/datasources/dbo_source.php, line 525]
2010-02-08 19:32:06 Warning: Warning (512): <span style = "color:Red;text-align:left"><b>SQL Error:</b> 1062: Duplicate entry '1008-1008-0' for key 'PRIMARY'</span> in [CORE/cake/libs/model/datasources/dbo_source.php, line 525]
2010-02-08 19:32:37 Warning: Warning (512): <span style = "color:Red;text-align:left"><b>SQL Error:</b> 1062: Duplicate entry '1008-1008-0' for key 'PRIMARY'</span> in [CORE/cake/libs/model/datasources/dbo_source.php, line 525]
2010-02-08 19:35:07 Warning: Warning (512): <span style = "color:Red;text-align:left"><b>SQL Error:</b> 1062: Duplicate entry '1008-1008-0' for key 'PRIMARY'</span> in [CORE/cake/libs/model/datasources/dbo_source.php, line 525]
2010-02-08 19:38:35 Warning: Warning (512): <span style = "color:Red;text-align:left"><b>SQL Error:</b> 1062: Duplicate entry '1008-1008-0' for key 'PRIMARY'</span> in [CORE/cake/libs/model/datasources/dbo_source.php, line 525]
2010-02-08 19:39:44 Warning: Warning (512): <span style = "color:Red;text-align:left"><b>SQL Error:</b> 1062: Duplicate entry '1008-1008-0' for key 'PRIMARY'</span> in [CORE/cake/libs/model/datasources/dbo_source.php, line 525]
2010-02-09 21:59:44 Warning: Warning (512): <span style = "color:Red;text-align:left"><b>SQL Error:</b> 1052: Column 'user_id' in where clause is ambiguous</span> in [CORE/cake/libs/model/datasources/dbo_source.php, line 525]
2010-02-11 16:50:42 Warning: Warning (512): <span style = "color:Red;text-align:left"><b>SQL Error:</b> 1052: Column 'id' in where clause is ambiguous</span> in [CORE/cake/libs/model/datasources/dbo_source.php, line 525]
2010-02-11 16:52:37 Warning: Warning (512): <span style = "color:Red;text-align:left"><b>SQL Error:</b> 1052: Column 'user_id' in where clause is ambiguous</span> in [CORE/cake/libs/model/datasources/dbo_source.php, line 525]
2010-02-17 16:42:39 Warning: Warning (2): fopen(/var/www/planner/app/tmp/cache/cake_core_core_paths) [<a href='http://php.net/function.fopen'>function.fopen</a>]: failed to open stream: Permission denied in [CORE/cake/libs/file.php, line 156]
2010-02-17 16:42:40 Warning: Warning (2): fopen(/var/www/planner/app/tmp/cache/cake_model_default_planner_list) [<a href='http://php.net/function.fopen'>function.fopen</a>]: failed to open stream: Permission denied in [CORE/cake/libs/file.php, line 156]
2010-02-17 16:42:40 Warning: Warning (2): fopen(/var/www/planner/app/tmp/cache/cake_model_default_projects) [<a href='http://php.net/function.fopen'>function.fopen</a>]: failed to open stream: Permission denied in [CORE/cake/libs/file.php, line 156]
2010-02-17 16:42:40 Warning: Warning (2): fopen(/var/www/planner/app/tmp/cache/cake_model_default_milestones) [<a href='http://php.net/function.fopen'>function.fopen</a>]: failed to open stream: Permission denied in [CORE/cake/libs/file.php, line 156]
2010-02-17 16:42:40 Warning: Warning (2): fopen(/var/www/planner/app/tmp/cache/cake_model_default_users) [<a href='http://php.net/function.fopen'>function.fopen</a>]: failed to open stream: Permission denied in [CORE/cake/libs/file.php, line 156]
2010-02-17 16:42:40 Warning: Warning (2): fopen(/var/www/planner/app/tmp/cache/cake_model_default_tasks) [<a href='http://php.net/function.fopen'>function.fopen</a>]: failed to open stream: Permission denied in [CORE/cake/libs/file.php, line 156]
2010-02-17 16:42:40 Warning: Warning (2): fopen(/var/www/planner/app/tmp/cache/cake_model_default_activities) [<a href='http://php.net/function.fopen'>function.fopen</a>]: failed to open stream: Permission denied in [CORE/cake/libs/file.php, line 156]
2010-02-17 16:42:40 Warning: Warning (2): fopen(/var/www/planner/app/tmp/cache/cake_model_default_holidays) [<a href='http://php.net/function.fopen'>function.fopen</a>]: failed to open stream: Permission denied in [CORE/cake/libs/file.php, line 156]
2010-02-17 16:42:40 Warning: Warning (2): fopen(/var/www/planner/app/tmp/cache/cake_model_default_users_projects) [<a href='http://php.net/function.fopen'>function.fopen</a>]: failed to open stream: Permission denied in [CORE/cake/libs/file.php, line 156]
2010-02-17 16:42:40 Warning: Warning (2): fopen(/var/www/planner/app/tmp/cache/cake_model_default_notices) [<a href='http://php.net/function.fopen'>function.fopen</a>]: failed to open stream: Permission denied in [CORE/cake/libs/file.php, line 156]
2010-02-17 16:42:40 Warning: Warning (2): fopen(/var/www/planner/app/tmp/cache/cake_model_default_links) [<a href='http://php.net/function.fopen'>function.fopen</a>]: failed to open stream: Permission denied in [CORE/cake/libs/file.php, line 156]
2010-02-17 16:42:40 Warning: Warning (2): fopen(/var/www/planner/app/tmp/cache/cake_model_default_statusses) [<a href='http://php.net/function.fopen'>function.fopen</a>]: failed to open stream: Permission denied in [CORE/cake/libs/file.php, line 156]
2010-02-17 16:42:40 Warning: Warning (2): fopen(/var/www/planner/app/tmp/cache/cake_model_default_standarts) [<a href='http://php.net/function.fopen'>function.fopen</a>]: failed to open stream: Permission denied in [CORE/cake/libs/file.php, line 156]
2010-02-17 16:42:40 Warning: Warning (2): Cannot modify header information - headers already sent by (output started at /var/www/planner/cake/libs/file.php:156) in [CORE/cake/libs/controller/controller.php, line 644]
2010-02-17 16:42:40 Warning: Warning (2): fopen(/var/www/planner/app/tmp/cache/cake_core_dir_map) [<a href='http://php.net/function.fopen'>function.fopen</a>]: failed to open stream: Permission denied in [CORE/cake/libs/file.php, line 156]
2010-02-17 16:42:40 Warning: Warning (2): fopen(/var/www/planner/app/tmp/cache/cake_core_file_map) [<a href='http://php.net/function.fopen'>function.fopen</a>]: failed to open stream: Permission denied in [CORE/cake/libs/file.php, line 156]
2010-02-17 16:42:40 Warning: Warning (2): fopen(/var/www/planner/app/tmp/cache/cake_core_default_en_us) [<a href='http://php.net/function.fopen'>function.fopen</a>]: failed to open stream: Permission denied in [CORE/cake/libs/file.php, line 156]
2010-02-17 16:42:48 Warning: Warning (2): fopen(/var/www/planner/app/tmp/cache/cake_core_core_paths) [<a href='http://php.net/function.fopen'>function.fopen</a>]: failed to open stream: Permission denied in [CORE/cake/libs/file.php, line 156]
2010-02-17 16:42:48 Warning: Warning (2): fopen(/var/www/planner/app/tmp/cache/cake_model_default_planner_list) [<a href='http://php.net/function.fopen'>function.fopen</a>]: failed to open stream: Permission denied in [CORE/cake/libs/file.php, line 156]
2010-02-17 16:42:48 Warning: Warning (2): fopen(/var/www/planner/app/tmp/cache/cake_model_default_projects) [<a href='http://php.net/function.fopen'>function.fopen</a>]: failed to open stream: Permission denied in [CORE/cake/libs/file.php, line 156]
2010-02-17 16:42:48 Warning: Warning (2): fopen(/var/www/planner/app/tmp/cache/cake_model_default_milestones) [<a href='http://php.net/function.fopen'>function.fopen</a>]: failed to open stream: Permission denied in [CORE/cake/libs/file.php, line 156]
2010-02-17 16:42:48 Warning: Warning (2): fopen(/var/www/planner/app/tmp/cache/cake_model_default_users) [<a href='http://php.net/function.fopen'>function.fopen</a>]: failed to open stream: Permission denied in [CORE/cake/libs/file.php, line 156]
2010-02-17 16:42:48 Warning: Warning (2): fopen(/var/www/planner/app/tmp/cache/cake_model_default_tasks) [<a href='http://php.net/function.fopen'>function.fopen</a>]: failed to open stream: Permission denied in [CORE/cake/libs/file.php, line 156]
2010-02-17 16:42:48 Warning: Warning (2): fopen(/var/www/planner/app/tmp/cache/cake_model_default_activities) [<a href='http://php.net/function.fopen'>function.fopen</a>]: failed to open stream: Permission denied in [CORE/cake/libs/file.php, line 156]
2010-02-17 16:42:49 Warning: Warning (2): fopen(/var/www/planner/app/tmp/cache/cake_model_default_holidays) [<a href='http://php.net/function.fopen'>function.fopen</a>]: failed to open stream: Permission denied in [CORE/cake/libs/file.php, line 156]
2010-02-17 16:42:49 Warning: Warning (2): fopen(/var/www/planner/app/tmp/cache/cake_model_default_users_projects) [<a href='http://php.net/function.fopen'>function.fopen</a>]: failed to open stream: Permission denied in [CORE/cake/libs/file.php, line 156]
2010-02-17 16:42:49 Warning: Warning (2): fopen(/var/www/planner/app/tmp/cache/cake_model_default_notices) [<a href='http://php.net/function.fopen'>function.fopen</a>]: failed to open stream: Permission denied in [CORE/cake/libs/file.php, line 156]
2010-02-17 16:42:49 Warning: Warning (2): fopen(/var/www/planner/app/tmp/cache/cake_model_default_links) [<a href='http://php.net/function.fopen'>function.fopen</a>]: failed to open stream: Permission denied in [CORE/cake/libs/file.php, line 156]
2010-02-17 16:42:49 Warning: Warning (2): fopen(/var/www/planner/app/tmp/cache/cake_model_default_statusses) [<a href='http://php.net/function.fopen'>function.fopen</a>]: failed to open stream: Permission denied in [CORE/cake/libs/file.php, line 156]
2010-02-17 16:42:49 Warning: Warning (2): fopen(/var/www/planner/app/tmp/cache/cake_model_default_standarts) [<a href='http://php.net/function.fopen'>function.fopen</a>]: failed to open stream: Permission denied in [CORE/cake/libs/file.php, line 156]
2010-02-17 16:42:49 Warning: Warning (2): Cannot modify header information - headers already sent by (output started at /var/www/planner/cake/libs/file.php:156) in [CORE/cake/libs/controller/controller.php, line 644]
2010-02-17 16:42:49 Warning: Warning (2): fopen(/var/www/planner/app/tmp/cache/cake_core_dir_map) [<a href='http://php.net/function.fopen'>function.fopen</a>]: failed to open stream: Permission denied in [CORE/cake/libs/file.php, line 156]
2010-02-17 16:42:49 Warning: Warning (2): fopen(/var/www/planner/app/tmp/cache/cake_core_file_map) [<a href='http://php.net/function.fopen'>function.fopen</a>]: failed to open stream: Permission denied in [CORE/cake/libs/file.php, line 156]
2010-02-17 16:42:49 Warning: Warning (2): fopen(/var/www/planner/app/tmp/cache/cake_core_default_en_us) [<a href='http://php.net/function.fopen'>function.fopen</a>]: failed to open stream: Permission denied in [CORE/cake/libs/file.php, line 156]
2010-02-17 16:42:56 Warning: Warning (2): fopen(/var/www/planner/app/tmp/cache/cake_core_core_paths) [<a href='http://php.net/function.fopen'>function.fopen</a>]: failed to open stream: Permission denied in [CORE/cake/libs/file.php, line 156]
2010-02-17 16:42:56 Warning: Warning (2): fopen(/var/www/planner/app/tmp/cache/cake_model_default_planner_list) [<a href='http://php.net/function.fopen'>function.fopen</a>]: failed to open stream: Permission denied in [CORE/cake/libs/file.php, line 156]
2010-02-17 16:42:56 Warning: Warning (2): fopen(/var/www/planner/app/tmp/cache/cake_model_default_users) [<a href='http://php.net/function.fopen'>function.fopen</a>]: failed to open stream: Permission denied in [CORE/cake/libs/file.php, line 156]
2010-02-17 16:42:56 Warning: Warning (2): fopen(/var/www/planner/app/tmp/cache/cake_model_default_tasks) [<a href='http://php.net/function.fopen'>function.fopen</a>]: failed to open stream: Permission denied in [CORE/cake/libs/file.php, line 156]
2010-02-17 16:42:56 Warning: Warning (2): fopen(/var/www/planner/app/tmp/cache/cake_model_default_projects) [<a href='http://php.net/function.fopen'>function.fopen</a>]: failed to open stream: Permission denied in [CORE/cake/libs/file.php, line 156]
2010-02-17 16:42:56 Warning: Warning (2): fopen(/var/www/planner/app/tmp/cache/cake_model_default_milestones) [<a href='http://php.net/function.fopen'>function.fopen</a>]: failed to open stream: Permission denied in [CORE/cake/libs/file.php, line 156]
2010-02-17 16:42:56 Warning: Warning (2): fopen(/var/www/planner/app/tmp/cache/cake_model_default_notices) [<a href='http://php.net/function.fopen'>function.fopen</a>]: failed to open stream: Permission denied in [CORE/cake/libs/file.php, line 156]
2010-02-17 16:42:56 Warning: Warning (2): fopen(/var/www/planner/app/tmp/cache/cake_model_default_links) [<a href='http://php.net/function.fopen'>function.fopen</a>]: failed to open stream: Permission denied in [CORE/cake/libs/file.php, line 156]
2010-02-17 16:42:56 Warning: Warning (2): fopen(/var/www/planner/app/tmp/cache/cake_model_default_statusses) [<a href='http://php.net/function.fopen'>function.fopen</a>]: failed to open stream: Permission denied in [CORE/cake/libs/file.php, line 156]
2010-02-17 16:42:56 Warning: Warning (2): fopen(/var/www/planner/app/tmp/cache/cake_model_default_activities) [<a href='http://php.net/function.fopen'>function.fopen</a>]: failed to open stream: Permission denied in [CORE/cake/libs/file.php, line 156]
2010-02-17 16:42:56 Warning: Warning (2): fopen(/var/www/planner/app/tmp/cache/cake_model_default_users_projects) [<a href='http://php.net/function.fopen'>function.fopen</a>]: failed to open stream: Permission denied in [CORE/cake/libs/file.php, line 156]
2010-02-17 16:42:56 Warning: Warning (2): fopen(/var/www/planner/app/tmp/cache/cake_model_default_holidays) [<a href='http://php.net/function.fopen'>function.fopen</a>]: failed to open stream: Permission denied in [CORE/cake/libs/file.php, line 156]
2010-02-17 16:42:56 Warning: Warning (2): fopen(/var/www/planner/app/tmp/cache/cake_model_default_standarts) [<a href='http://php.net/function.fopen'>function.fopen</a>]: failed to open stream: Permission denied in [CORE/cake/libs/file.php, line 156]
2010-02-17 16:42:56 Warning: Warning (2): Cannot modify header information - headers already sent by (output started at /var/www/planner/cake/libs/file.php:156) in [CORE/cake/libs/controller/controller.php, line 644]
2010-02-17 16:42:56 Warning: Warning (2): fopen(/var/www/planner/app/tmp/cache/cake_core_dir_map) [<a href='http://php.net/function.fopen'>function.fopen</a>]: failed to open stream: Permission denied in [CORE/cake/libs/file.php, line 156]
2010-02-17 16:42:56 Warning: Warning (2): fopen(/var/www/planner/app/tmp/cache/cake_core_file_map) [<a href='http://php.net/function.fopen'>function.fopen</a>]: failed to open stream: Permission denied in [CORE/cake/libs/file.php, line 156]
2010-02-17 16:42:56 Warning: Warning (2): fopen(/var/www/planner/app/tmp/cache/cake_core_default_en_us) [<a href='http://php.net/function.fopen'>function.fopen</a>]: failed to open stream: Permission denied in [CORE/cake/libs/file.php, line 156]
